Building DAG of jobs...
Using shell: /usr/bin/bash
Provided cores: 8
Rules claiming more threads will be scaled down.
Conda environments: ignored
Job counts:
	count	jobs
	1	all
	1	fastqc
	1	kallisto_index
	1	kallisto_quant
	1	trimmomatic
	5

[Sun Jan 23 22:07:47 2022]
rule fastqc:
    input: raw_data/SRR6974023_1.fastq.gz, raw_data/SRR6974023_2.fastq.gz
    output: raw_qc/SRR6974023_1_fastqc.zip, raw_qc/SRR6974023_2_fastqc.zip, raw_qc/SRR6974023_1_fastqc.html, raw_qc/SRR6974023_2_fastqc.html
    jobid: 1
    threads: 8

[Sun Jan 23 22:11:39 2022]
Finished job 1.
1 of 5 steps (20%) done

[Sun Jan 23 22:11:39 2022]
rule trimmomatic:
    input: raw_data/SRR6974023_1.fastq.gz, raw_data/SRR6974023_2.fastq.gz
    output: Trimmed/SRR6974023_1P.fastq.gz, Trimmed/SRR6974023_2P.fastq.gz, Trimmed/SRR6974023_1U.fastq.gz, Trimmed/SRR6974023_2U.fastq.gz
    jobid: 2
    threads: 8

[Sun Jan 23 22:26:05 2022]
Finished job 2.
2 of 5 steps (40%) done

[Sun Jan 23 22:26:05 2022]
rule kallisto_index:
    input: kallisto/Homo_sapiens.GRCh38.cdna.all.fa
    output: kallisto/Homo_sapiens.GRCh38.cdna.all.index
    jobid: 3
    threads: 8

[Sun Jan 23 22:32:14 2022]
Finished job 3.
3 of 5 steps (60%) done

[Sun Jan 23 22:32:14 2022]
rule kallisto_quant:
    input: Trimmed/SRR6974023_1P.fastq.gz, Trimmed/SRR6974023_2P.fastq.gz, kallisto/Homo_sapiens.GRCh38.cdna.all.index
    output: kallisto/HS01
    jobid: 4
    threads: 8

ImproperOutputException in line 73 of /home/dimitri/Documentos/rnaseq_snakemake/snakefile:
Outputs of incorrect type (directories when expecting files or vice versa). Output directories must be flagged with directory(). for rule kallisto_quant:
kallisto/HS01
Removing output files of failed job kallisto_quant since they might be corrupted:
kallisto/HS01
Skipped removing non-empty directory kallisto/HS01
Shutting down, this might take some time.
Exiting because a job execution failed. Look above for error message
Complete log: /home/dimitri/Documentos/rnaseq_snakemake/.snakemake/log/2022-01-23T220747.789324.snakemake.log
